TN:
SF:src\app.js
FN:6,(anonymous_0)
FN:10,(anonymous_1)
FNF:2
FNH:2
FNDA:1,(anonymous_0)
FNDA:1,(anonymous_1)
DA:1,1
DA:3,1
DA:4,1
DA:6,1
DA:7,1
DA:10,1
DA:11,1
DA:14,1
LF:8
LH:8
BRDA:4,0,0,1
BRDA:4,0,1,1
BRF:2
BRH:2
end_of_record
TN:
SF:src\models\comment.js
FN:1,(anonymous_0)
FN:13,(anonymous_1)
FNF:2
FNH:2
FNDA:1,(anonymous_0)
FNDA:1,(anonymous_1)
DA:1,1
DA:2,1
DA:13,1
DA:14,1
DA:20,1
LF:5
LH:5
BRF:0
BRH:0
end_of_record
TN:
SF:src\models\countries.js
FN:1,_default
FN:90,(anonymous_1)
FNF:2
FNH:2
FNDA:1,_default
FNDA:1,(anonymous_1)
DA:1,1
DA:2,1
DA:90,1
DA:91,1
DA:97,1
LF:5
LH:5
BRF:0
BRH:0
end_of_record
TN:
SF:src\models\culture.js
FN:1,_default
FNF:1
FNH:1
FNDA:1,_default
DA:1,1
DA:2,1
DA:37,1
LF:3
LH:3
BRF:0
BRH:0
end_of_record
TN:
SF:src\models\newsletter.js
FN:1,(anonymous_0)
FNF:1
FNH:1
FNDA:1,(anonymous_0)
DA:1,1
DA:2,1
DA:13,1
LF:3
LH:3
BRF:0
BRH:0
end_of_record
TN:
SF:src\models\profile.js
FN:1,(anonymous_0)
FN:24,(anonymous_1)
FNF:2
FNH:2
FNDA:1,(anonymous_0)
FNDA:1,(anonymous_1)
DA:1,1
DA:2,1
DA:24,1
DA:25,1
DA:29,1
LF:5
LH:5
BRF:0
BRH:0
end_of_record
TN:
SF:src\models\user.js
FN:1,_default
FNF:1
FNH:1
FNDA:1,_default
DA:1,1
DA:2,1
DA:21,1
LF:3
LH:3
BRF:0
BRH:0
end_of_record
TN:
SF:src\tests\index.js
FNF:0
FNH:0
DA:1,1
DA:2,1
DA:3,1
DA:4,1
DA:5,1
DA:6,1
DA:7,1
LF:7
LH:7
BRF:0
BRH:0
end_of_record
TN:
SF:src\tests\models\profile.js
FN:15,(anonymous_0)
FN:19,(anonymous_1)
FN:24,(anonymous_2)
FN:26,(anonymous_3)
FN:29,(anonymous_4)
FNF:5
FNH:5
FNDA:1,(anonymous_0)
FNDA:1,(anonymous_1)
FNDA:1,(anonymous_2)
FNDA:1,(anonymous_3)
FNDA:1,(anonymous_4)
DA:1,1
DA:3,1
DA:5,1
DA:12,1
DA:14,1
DA:15,1
DA:16,1
DA:17,1
DA:18,1
DA:19,1
DA:20,1
DA:24,1
DA:25,1
DA:26,1
DA:27,1
DA:29,1
DA:30,1
LF:17
LH:17
BRF:0
BRH:0
end_of_record
TN:
SF:src\tests\models\user.js
FN:14,(anonymous_0)
FN:18,(anonymous_1)
FNF:2
FNH:2
FNDA:1,(anonymous_0)
FNDA:1,(anonymous_1)
DA:1,1
DA:3,1
DA:4,1
DA:11,1
DA:13,1
DA:14,1
DA:15,1
DA:16,1
DA:17,1
DA:18,1
DA:19,1
LF:11
LH:11
BRF:0
BRH:0
end_of_record
TN:
SF:src\tests\unit\models\comment.spec.js
FN:17,(anonymous_0)
FN:23,(anonymous_1)
FN:27,(anonymous_2)
FN:30,(anonymous_3)
FN:34,(anonymous_4)
FNF:5
FNH:5
FNDA:1,(anonymous_0)
FNDA:1,(anonymous_1)
FNDA:1,(anonymous_2)
FNDA:1,(anonymous_3)
FNDA:1,(anonymous_4)
DA:1,1
DA:2,1
DA:4,1
DA:6,1
DA:9,1
DA:10,1
DA:11,1
DA:12,1
DA:13,1
DA:15,1
DA:17,1
DA:18,1
DA:19,1
DA:21,1
DA:23,1
DA:24,1
DA:27,1
DA:28,1
DA:30,1
DA:31,1
DA:34,1
DA:35,1
LF:22
LH:22
BRF:0
BRH:0
end_of_record
TN:
SF:src\tests\unit\models\country.spec.js
FN:14,(anonymous_0)
FN:20,(anonymous_1)
FN:32,(anonymous_2)
FN:35,(anonymous_3)
FN:39,(anonymous_4)
FNF:5
FNH:5
FNDA:1,(anonymous_0)
FNDA:1,(anonymous_1)
FNDA:1,(anonymous_2)
FNDA:1,(anonymous_3)
FNDA:1,(anonymous_4)
DA:1,1
DA:7,1
DA:9,1
DA:10,1
DA:12,1
DA:14,1
DA:15,1
DA:16,1
DA:18,1
DA:20,1
DA:21,1
DA:32,1
DA:33,1
DA:35,1
DA:36,1
DA:39,1
DA:40,1
LF:17
LH:17
BRF:0
BRH:0
end_of_record
TN:
SF:src\tests\unit\models\culture.spec.js
FN:14,(anonymous_0)
FN:20,(anonymous_1)
FNF:2
FNH:2
FNDA:1,(anonymous_0)
FNDA:1,(anonymous_1)
DA:1,1
DA:7,1
DA:9,1
DA:10,1
DA:12,1
DA:14,1
DA:15,1
DA:16,1
DA:18,1
DA:20,1
DA:21,1
LF:11
LH:11
BRF:0
BRH:0
end_of_record
TN:
SF:src\tests\unit\models\newsletter.spec.js
FN:17,(anonymous_0)
FN:23,(anonymous_1)
FNF:2
FNH:2
FNDA:1,(anonymous_0)
FNDA:1,(anonymous_1)
DA:1,1
DA:2,1
DA:4,1
DA:6,1
DA:9,1
DA:10,1
DA:11,1
DA:12,1
DA:13,1
DA:15,1
DA:17,1
DA:18,1
DA:19,1
DA:21,1
DA:23,1
DA:24,1
LF:16
LH:16
BRF:0
BRH:0
end_of_record
